<?xml version="1.0" encoding="UTF-8"?>
<!-- Generated by org.testng.reporters.JUnitReportReporter -->
<testsuite hostname="ATMECSINLT-083" failures="0" tests="1" name="com.atmecs.toolsQA.testscripts.SendFeedBack" time="4.333" errors="0" timestamp="07 Nov 2019 09:55:43 GMT" skipped="0">
  <testcase classname="com.atmecs.toolsQA.testscripts.SendFeedBack" name="sendigFeedback" time="4.333"/>
</testsuite> <!-- com.atmecs.toolsQA.testscripts.SendFeedBack -->
