<?xml version="1.0" encoding="UTF-8"?>
<!-- Generated by org.testng.reporters.JUnitReportReporter -->
<testsuite hostname="ATMECSINLT-083" failures="0" tests="1" name="com.atmecs.toolsQA.testscripts.Practo" time="47.239" errors="0" timestamp="07 Nov 2019 12:23:56 GMT" skipped="0">
  <testcase classname="com.atmecs.toolsQA.testscripts.Practo" name="validating" time="47.239"/>
</testsuite> <!-- com.atmecs.toolsQA.testscripts.Practo -->
