<?xml version="1.0" encoding="UTF-8"?>
<!-- Generated by org.testng.reporters.JUnitReportReporter -->
<testsuite hostname="ATMECSINLT-083" failures="0" tests="1" name="com.atmecs.toolsQA.testscripts.TestDemoPage" time="5.645" errors="0" timestamp="04 Nov 2019 05:13:19 GMT" skipped="0">
  <testcase classname="com.atmecs.toolsQA.testscripts.TestDemoPage" name="testingDemoPage" time="5.645"/>
</testsuite> <!-- com.atmecs.toolsQA.testscripts.TestDemoPage -->
