<?xml version="1.0" encoding="UTF-8"?>
<!-- Generated by org.testng.reporters.JUnitReportReporter -->
<testsuite hostname="ATMECSINLT-083" failures="0" tests="1" name="com.atmecs.toolsQA.utils.WebTable" time="11.908" errors="0" timestamp="05 Nov 2019 05:29:29 GMT" skipped="0">
  <testcase classname="com.atmecs.toolsQA.utils.WebTable" name="dynamicWebTable" time="11.908"/>
</testsuite> <!-- com.atmecs.toolsQA.utils.WebTable -->
