<?xml version="1.0" encoding="UTF-8"?>
<!-- Generated by org.testng.reporters.JUnitReportReporter -->
<testsuite hostname="ATMECSINLT-083" failures="0" tests="1" name="com.atmecs.toolsQA.testbase.TestBase" time="14.415" errors="0" timestamp="31 Oct 2019 10:43:52 GMT" skipped="0">
  <testcase classname="com.atmecs.toolsQA.testbase.TestBase" name="initializeBrowser" time="14.415"/>
</testsuite> <!-- com.atmecs.toolsQA.testbase.TestBase -->
